2024-04-17 13:28:56,024 DEBUG    root            Loaded Command Group: ['gcloud', 'components']
2024-04-17 13:28:56,028 DEBUG    root            Loaded Command Group: ['gcloud', 'components', 'update']
2024-04-17 13:28:56,031 DEBUG    root            Running [gcloud.components.update] with arguments: [--allow-no-backup: "True", --compile-python: "True", --quiet: "True", COMPONENT-IDS:7: "['core', 'gcloud-deps', 'bq', 'gcloud', 'gcloud-crc32c', 'gsutil', 'anthoscli']"]
2024-04-17 13:28:56,032 INFO     ___FILE_ONLY___ Beginning update. This process may take several minutes.

2024-04-17 13:28:56,054 DEBUG    urllib3.connectionpool Starting new HTTPS connection (1): dl.google.com:443
2024-04-17 13:28:56,118 DEBUG    urllib3.connectionpool https://dl.google.com:443 "GET /dl/cloudsdk/channels/rapid/components-2.json HTTP/1.1" 200 222653
2024-04-17 13:28:56,135 INFO     ___FILE_ONLY___ 

2024-04-17 13:28:56,136 INFO     ___FILE_ONLY___ 
Your current Google Cloud CLI version is: 472.0.0

2024-04-17 13:28:56,136 INFO     ___FILE_ONLY___ Installing components from version: 472.0.0

2024-04-17 13:28:56,136 INFO     ___FILE_ONLY___ 

2024-04-17 13:28:56,136 DEBUG    root            Chosen display Format:table[box,title="These components will be removed."](details.display_name:label=Name:align=left,version.version_string:label=Version:align=right,data.size.size(zero="",min=1048576):label=Size:align=right)
2024-04-17 13:28:56,137 DEBUG    root            Chosen display Format:table[box,title="These components will be updated."](details.display_name:label=Name:align=left,version.version_string:label=Version:align=right,data.size.size(zero="",min=1048576):label=Size:align=right)
2024-04-17 13:28:56,138 DEBUG    root            Chosen display Format:table[box,title="These components will be installed."](details.display_name:label=Name:align=left,version.version_string:label=Version:align=right,data.size.size(zero="",min=1048576):label=Size:align=right)
2024-04-17 13:28:56,265 INFO     ___FILE_ONLY___ ┌─────────────────────────────────────────────────────────────────────────────┐
2024-04-17 13:28:56,265 INFO     ___FILE_ONLY___ 

2024-04-17 13:28:56,265 INFO     ___FILE_ONLY___ │                     These components will be installed.                     │
2024-04-17 13:28:56,265 INFO     ___FILE_ONLY___ 

2024-04-17 13:28:56,265 INFO     ___FILE_ONLY___ ├─────────────────────────────────────────────────────┬────────────┬──────────┤
2024-04-17 13:28:56,265 INFO     ___FILE_ONLY___ 

2024-04-17 13:28:56,265 INFO     ___FILE_ONLY___ │                         Name                        │  Version   │   Size   │
2024-04-17 13:28:56,266 INFO     ___FILE_ONLY___ 

2024-04-17 13:28:56,266 INFO     ___FILE_ONLY___ ├─────────────────────────────────────────────────────┼────────────┼──────────┤
2024-04-17 13:28:56,266 INFO     ___FILE_ONLY___ 

2024-04-17 13:28:56,266 INFO     ___FILE_ONLY___ │ 
2024-04-17 13:28:56,266 INFO     ___FILE_ONLY___ BigQuery Command Line Tool                         
2024-04-17 13:28:56,266 INFO     ___FILE_ONLY___  
2024-04-17 13:28:56,266 INFO     ___FILE_ONLY___ │ 
2024-04-17 13:28:56,266 INFO     ___FILE_ONLY___      2.1.4
2024-04-17 13:28:56,266 INFO     ___FILE_ONLY___  
2024-04-17 13:28:56,266 INFO     ___FILE_ONLY___ │ 
2024-04-17 13:28:56,266 INFO     ___FILE_ONLY___  1.7 MiB
2024-04-17 13:28:56,267 INFO     ___FILE_ONLY___  
2024-04-17 13:28:56,267 INFO     ___FILE_ONLY___ │
2024-04-17 13:28:56,267 INFO     ___FILE_ONLY___ 

2024-04-17 13:28:56,267 INFO     ___FILE_ONLY___ │ 
2024-04-17 13:28:56,267 INFO     ___FILE_ONLY___ BigQuery Command Line Tool (Platform Specific)     
2024-04-17 13:28:56,267 INFO     ___FILE_ONLY___  
2024-04-17 13:28:56,267 INFO     ___FILE_ONLY___ │ 
2024-04-17 13:28:56,267 INFO     ___FILE_ONLY___    2.0.101
2024-04-17 13:28:56,267 INFO     ___FILE_ONLY___  
2024-04-17 13:28:56,267 INFO     ___FILE_ONLY___ │ 
2024-04-17 13:28:56,267 INFO     ___FILE_ONLY___  < 1 MiB
2024-04-17 13:28:56,267 INFO     ___FILE_ONLY___  
2024-04-17 13:28:56,267 INFO     ___FILE_ONLY___ │
2024-04-17 13:28:56,267 INFO     ___FILE_ONLY___ 

2024-04-17 13:28:56,267 INFO     ___FILE_ONLY___ │ 
2024-04-17 13:28:56,268 INFO     ___FILE_ONLY___ Bundled Python 3.11                                
2024-04-17 13:28:56,268 INFO     ___FILE_ONLY___  
2024-04-17 13:28:56,268 INFO     ___FILE_ONLY___ │ 
2024-04-17 13:28:56,268 INFO     ___FILE_ONLY___     3.11.8
2024-04-17 13:28:56,268 INFO     ___FILE_ONLY___  
2024-04-17 13:28:56,268 INFO     ___FILE_ONLY___ │ 
2024-04-17 13:28:56,268 INFO     ___FILE_ONLY___ 74.9 MiB
2024-04-17 13:28:56,268 INFO     ___FILE_ONLY___  
2024-04-17 13:28:56,268 INFO     ___FILE_ONLY___ │
2024-04-17 13:28:56,268 INFO     ___FILE_ONLY___ 

2024-04-17 13:28:56,268 INFO     ___FILE_ONLY___ │ 
2024-04-17 13:28:56,268 INFO     ___FILE_ONLY___ Cloud Storage Command Line Tool                    
2024-04-17 13:28:56,268 INFO     ___FILE_ONLY___  
2024-04-17 13:28:56,268 INFO     ___FILE_ONLY___ │ 
2024-04-17 13:28:56,268 INFO     ___FILE_ONLY___       5.27
2024-04-17 13:28:56,268 INFO     ___FILE_ONLY___  
2024-04-17 13:28:56,269 INFO     ___FILE_ONLY___ │ 
2024-04-17 13:28:56,269 INFO     ___FILE_ONLY___ 11.3 MiB
2024-04-17 13:28:56,269 INFO     ___FILE_ONLY___  
2024-04-17 13:28:56,269 INFO     ___FILE_ONLY___ │
2024-04-17 13:28:56,269 INFO     ___FILE_ONLY___ 

2024-04-17 13:28:56,269 INFO     ___FILE_ONLY___ │ 
2024-04-17 13:28:56,269 INFO     ___FILE_ONLY___ Cloud Storage Command Line Tool (Platform Specific)
2024-04-17 13:28:56,269 INFO     ___FILE_ONLY___  
2024-04-17 13:28:56,269 INFO     ___FILE_ONLY___ │ 
2024-04-17 13:28:56,269 INFO     ___FILE_ONLY___       5.27
2024-04-17 13:28:56,269 INFO     ___FILE_ONLY___  
2024-04-17 13:28:56,269 INFO     ___FILE_ONLY___ │ 
2024-04-17 13:28:56,269 INFO     ___FILE_ONLY___  < 1 MiB
2024-04-17 13:28:56,269 INFO     ___FILE_ONLY___  
2024-04-17 13:28:56,269 INFO     ___FILE_ONLY___ │
2024-04-17 13:28:56,269 INFO     ___FILE_ONLY___ 

2024-04-17 13:28:56,270 INFO     ___FILE_ONLY___ │ 
2024-04-17 13:28:56,270 INFO     ___FILE_ONLY___ Google Cloud CLI Core Libraries (Platform Specific)
2024-04-17 13:28:56,270 INFO     ___FILE_ONLY___  
2024-04-17 13:28:56,270 INFO     ___FILE_ONLY___ │ 
2024-04-17 13:28:56,270 INFO     ___FILE_ONLY___ 2024.01.06
2024-04-17 13:28:56,270 INFO     ___FILE_ONLY___  
2024-04-17 13:28:56,270 INFO     ___FILE_ONLY___ │ 
2024-04-17 13:28:56,270 INFO     ___FILE_ONLY___  < 1 MiB
2024-04-17 13:28:56,270 INFO     ___FILE_ONLY___  
2024-04-17 13:28:56,270 INFO     ___FILE_ONLY___ │
2024-04-17 13:28:56,270 INFO     ___FILE_ONLY___ 

2024-04-17 13:28:56,270 INFO     ___FILE_ONLY___ │ 
2024-04-17 13:28:56,270 INFO     ___FILE_ONLY___ Google Cloud CRC32C Hash Tool                      
2024-04-17 13:28:56,270 INFO     ___FILE_ONLY___  
2024-04-17 13:28:56,270 INFO     ___FILE_ONLY___ │ 
2024-04-17 13:28:56,270 INFO     ___FILE_ONLY___      1.0.0
2024-04-17 13:28:56,271 INFO     ___FILE_ONLY___  
2024-04-17 13:28:56,271 INFO     ___FILE_ONLY___ │ 
2024-04-17 13:28:56,271 INFO     ___FILE_ONLY___  1.2 MiB
2024-04-17 13:28:56,271 INFO     ___FILE_ONLY___  
2024-04-17 13:28:56,271 INFO     ___FILE_ONLY___ │
2024-04-17 13:28:56,271 INFO     ___FILE_ONLY___ 

2024-04-17 13:28:56,271 INFO     ___FILE_ONLY___ │ 
2024-04-17 13:28:56,271 INFO     ___FILE_ONLY___ anthoscli                                          
2024-04-17 13:28:56,271 INFO     ___FILE_ONLY___  
2024-04-17 13:28:56,271 INFO     ___FILE_ONLY___ │ 
2024-04-17 13:28:56,271 INFO     ___FILE_ONLY___     0.2.48
2024-04-17 13:28:56,271 INFO     ___FILE_ONLY___  
2024-04-17 13:28:56,271 INFO     ___FILE_ONLY___ │ 
2024-04-17 13:28:56,271 INFO     ___FILE_ONLY___ 68.9 MiB
2024-04-17 13:28:56,271 INFO     ___FILE_ONLY___  
2024-04-17 13:28:56,271 INFO     ___FILE_ONLY___ │
2024-04-17 13:28:56,272 INFO     ___FILE_ONLY___ 

2024-04-17 13:28:56,272 INFO     ___FILE_ONLY___ │ 
2024-04-17 13:28:56,272 INFO     ___FILE_ONLY___ gcloud cli dependencies                            
2024-04-17 13:28:56,272 INFO     ___FILE_ONLY___  
2024-04-17 13:28:56,272 INFO     ___FILE_ONLY___ │ 
2024-04-17 13:28:56,272 INFO     ___FILE_ONLY___ 2021.04.16
2024-04-17 13:28:56,272 INFO     ___FILE_ONLY___  
2024-04-17 13:28:56,272 INFO     ___FILE_ONLY___ │ 
2024-04-17 13:28:56,272 INFO     ___FILE_ONLY___  < 1 MiB
2024-04-17 13:28:56,272 INFO     ___FILE_ONLY___  
2024-04-17 13:28:56,272 INFO     ___FILE_ONLY___ │
2024-04-17 13:28:56,272 INFO     ___FILE_ONLY___ 

2024-04-17 13:28:56,272 INFO     ___FILE_ONLY___ └─────────────────────────────────────────────────────┴────────────┴──────────┘
2024-04-17 13:28:56,272 INFO     ___FILE_ONLY___ 

2024-04-17 13:28:56,272 INFO     ___FILE_ONLY___ 

2024-04-17 13:28:56,277 DEBUG    urllib3.connectionpool Starting new HTTPS connection (1): dl.google.com:443
2024-04-17 13:28:56,346 DEBUG    urllib3.connectionpool https://dl.google.com:443 "GET /dl/cloudsdk/channels/rapid/RELEASE_NOTES HTTP/1.1" 200 1191934
2024-04-17 13:28:56,377 INFO     ___FILE_ONLY___ For the latest full release notes, please visit:
  https://cloud.google.com/sdk/release_notes


2024-04-17 13:28:56,379 INFO     ___FILE_ONLY___ ╔════════════════════════════════════════════════════════════╗

2024-04-17 13:28:56,379 INFO     ___FILE_ONLY___ ╠═ Creating update staging area                             ═╣

2024-04-17 13:28:56,380 INFO     ___FILE_ONLY___ ╚
2024-04-17 13:28:56,380 INFO     ___FILE_ONLY___ ══════
2024-04-17 13:28:56,380 INFO     ___FILE_ONLY___ ══════
2024-04-17 13:28:56,380 INFO     ___FILE_ONLY___ ══════
2024-04-17 13:28:56,719 INFO     ___FILE_ONLY___ ═
2024-04-17 13:28:56,761 INFO     ___FILE_ONLY___ ═
2024-04-17 13:28:56,805 INFO     ___FILE_ONLY___ ═
2024-04-17 13:28:56,849 INFO     ___FILE_ONLY___ ═
2024-04-17 13:28:56,883 INFO     ___FILE_ONLY___ ═
2024-04-17 13:28:56,919 INFO     ___FILE_ONLY___ ═
2024-04-17 13:28:56,950 INFO     ___FILE_ONLY___ ═
2024-04-17 13:28:56,984 INFO     ___FILE_ONLY___ ═
2024-04-17 13:28:57,019 INFO     ___FILE_ONLY___ ═
2024-04-17 13:28:57,068 INFO     ___FILE_ONLY___ ═
2024-04-17 13:28:57,147 INFO     ___FILE_ONLY___ ═
2024-04-17 13:28:57,245 INFO     ___FILE_ONLY___ ═
2024-04-17 13:28:57,307 INFO     ___FILE_ONLY___ ═
2024-04-17 13:28:57,363 INFO     ___FILE_ONLY___ ═
2024-04-17 13:28:57,422 INFO     ___FILE_ONLY___ ═
2024-04-17 13:28:57,477 INFO     ___FILE_ONLY___ ═
2024-04-17 13:28:57,527 INFO     ___FILE_ONLY___ ═
2024-04-17 13:28:57,580 INFO     ___FILE_ONLY___ ═
2024-04-17 13:28:57,633 INFO     ___FILE_ONLY___ ═
2024-04-17 13:28:57,689 INFO     ___FILE_ONLY___ ═
2024-04-17 13:28:57,743 INFO     ___FILE_ONLY___ ═
2024-04-17 13:28:57,796 INFO     ___FILE_ONLY___ ═
2024-04-17 13:28:57,862 INFO     ___FILE_ONLY___ ═
2024-04-17 13:28:57,924 INFO     ___FILE_ONLY___ ═
2024-04-17 13:28:57,989 INFO     ___FILE_ONLY___ ═
2024-04-17 13:28:58,064 INFO     ___FILE_ONLY___ ═
2024-04-17 13:28:58,127 INFO     ___FILE_ONLY___ ═
2024-04-17 13:28:58,181 INFO     ___FILE_ONLY___ ═
2024-04-17 13:28:58,239 INFO     ___FILE_ONLY___ ═
2024-04-17 13:28:58,292 INFO     ___FILE_ONLY___ ═
2024-04-17 13:28:58,339 INFO     ___FILE_ONLY___ ═
2024-04-17 13:28:58,378 INFO     ___FILE_ONLY___ ═
2024-04-17 13:28:58,432 INFO     ___FILE_ONLY___ ═
2024-04-17 13:28:58,485 INFO     ___FILE_ONLY___ ═
2024-04-17 13:28:58,536 INFO     ___FILE_ONLY___ ═
2024-04-17 13:28:58,582 INFO     ___FILE_ONLY___ ═
2024-04-17 13:28:58,632 INFO     ___FILE_ONLY___ ═
2024-04-17 13:28:58,681 INFO     ___FILE_ONLY___ ═
2024-04-17 13:28:58,744 INFO     ___FILE_ONLY___ ═
2024-04-17 13:28:58,878 INFO     ___FILE_ONLY___ ═
2024-04-17 13:28:58,926 INFO     ___FILE_ONLY___ ═
2024-04-17 13:28:58,977 INFO     ___FILE_ONLY___ ═
2024-04-17 13:28:58,977 INFO     ___FILE_ONLY___ ╝

2024-04-17 13:28:59,057 INFO     ___FILE_ONLY___ ╔════════════════════════════════════════════════════════════╗

2024-04-17 13:28:59,057 INFO     ___FILE_ONLY___ ╠═ Installing: BigQuery Command Line Tool                   ═╣

2024-04-17 13:28:59,058 INFO     ___FILE_ONLY___ ╚
2024-04-17 13:28:59,061 DEBUG    urllib3.connectionpool Starting new HTTPS connection (1): dl.google.com:443
2024-04-17 13:28:59,132 DEBUG    urllib3.connectionpool https://dl.google.com:443 "GET /dl/cloudsdk/channels/rapid/components/google-cloud-sdk-bq-20240412130805.tar.gz HTTP/1.1" 200 1746678
2024-04-17 13:28:59,142 INFO     ___FILE_ONLY___ ═
2024-04-17 13:28:59,142 INFO     ___FILE_ONLY___ ═
2024-04-17 13:28:59,142 INFO     ___FILE_ONLY___ ═
2024-04-17 13:28:59,142 INFO     ___FILE_ONLY___ ═
2024-04-17 13:28:59,142 INFO     ___FILE_ONLY___ ═
2024-04-17 13:28:59,143 INFO     ___FILE_ONLY___ ═
2024-04-17 13:28:59,143 INFO     ___FILE_ONLY___ ═
2024-04-17 13:28:59,143 INFO     ___FILE_ONLY___ ═
2024-04-17 13:28:59,143 INFO     ___FILE_ONLY___ ═
2024-04-17 13:28:59,143 INFO     ___FILE_ONLY___ ═
2024-04-17 13:28:59,143 INFO     ___FILE_ONLY___ ═
2024-04-17 13:28:59,143 INFO     ___FILE_ONLY___ ═
2024-04-17 13:28:59,144 INFO     ___FILE_ONLY___ ═
2024-04-17 13:28:59,144 INFO     ___FILE_ONLY___ ═
2024-04-17 13:28:59,144 INFO     ___FILE_ONLY___ ═
2024-04-17 13:28:59,144 INFO     ___FILE_ONLY___ ═
2024-04-17 13:28:59,144 INFO     ___FILE_ONLY___ ═
2024-04-17 13:28:59,144 INFO     ___FILE_ONLY___ ═
2024-04-17 13:28:59,144 INFO     ___FILE_ONLY___ ═
2024-04-17 13:28:59,144 INFO     ___FILE_ONLY___ ═
2024-04-17 13:28:59,145 INFO     ___FILE_ONLY___ ═
2024-04-17 13:28:59,145 INFO     ___FILE_ONLY___ ═
2024-04-17 13:28:59,145 INFO     ___FILE_ONLY___ ═
2024-04-17 13:28:59,145 INFO     ___FILE_ONLY___ ═
2024-04-17 13:28:59,145 INFO     ___FILE_ONLY___ ═
2024-04-17 13:28:59,145 INFO     ___FILE_ONLY___ ═
2024-04-17 13:28:59,145 INFO     ___FILE_ONLY___ ═
2024-04-17 13:28:59,145 INFO     ___FILE_ONLY___ ═
2024-04-17 13:28:59,146 INFO     ___FILE_ONLY___ ═
2024-04-17 13:28:59,146 INFO     ___FILE_ONLY___ ═
2024-04-17 13:28:59,268 INFO     ___FILE_ONLY___ ═
2024-04-17 13:28:59,274 INFO     ___FILE_ONLY___ ═
2024-04-17 13:28:59,278 INFO     ___FILE_ONLY___ ═
2024-04-17 13:28:59,282 INFO     ___FILE_ONLY___ ═
2024-04-17 13:28:59,287 INFO     ___FILE_ONLY___ ═
2024-04-17 13:28:59,290 INFO     ___FILE_ONLY___ ═
2024-04-17 13:28:59,295 INFO     ___FILE_ONLY___ ═
2024-04-17 13:28:59,299 INFO     ___FILE_ONLY___ ═
2024-04-17 13:28:59,304 INFO     ___FILE_ONLY___ ═
2024-04-17 13:28:59,308 INFO     ___FILE_ONLY___ ═
2024-04-17 13:28:59,312 INFO     ___FILE_ONLY___ ═
2024-04-17 13:28:59,315 INFO     ___FILE_ONLY___ ═
2024-04-17 13:28:59,319 INFO     ___FILE_ONLY___ ═
2024-04-17 13:28:59,325 INFO     ___FILE_ONLY___ ═
2024-04-17 13:28:59,329 INFO     ___FILE_ONLY___ ═
2024-04-17 13:28:59,333 INFO     ___FILE_ONLY___ ═
2024-04-17 13:28:59,338 INFO     ___FILE_ONLY___ ═
2024-04-17 13:28:59,342 INFO     ___FILE_ONLY___ ═
2024-04-17 13:28:59,349 INFO     ___FILE_ONLY___ ═
2024-04-17 13:28:59,353 INFO     ___FILE_ONLY___ ═
2024-04-17 13:28:59,359 INFO     ___FILE_ONLY___ ═
2024-04-17 13:28:59,364 INFO     ___FILE_ONLY___ ═
2024-04-17 13:28:59,368 INFO     ___FILE_ONLY___ ═
2024-04-17 13:28:59,371 INFO     ___FILE_ONLY___ ═
2024-04-17 13:28:59,376 INFO     ___FILE_ONLY___ ═
2024-04-17 13:28:59,380 INFO     ___FILE_ONLY___ ═
2024-04-17 13:28:59,384 INFO     ___FILE_ONLY___ ═
2024-04-17 13:28:59,387 INFO     ___FILE_ONLY___ ═
2024-04-17 13:28:59,392 INFO     ___FILE_ONLY___ ═
2024-04-17 13:28:59,396 INFO     ___FILE_ONLY___ ═
2024-04-17 13:28:59,396 INFO     ___FILE_ONLY___ ╝

2024-04-17 13:28:59,410 INFO     ___FILE_ONLY___ ╔════════════════════════════════════════════════════════════╗

2024-04-17 13:28:59,410 INFO     ___FILE_ONLY___ ╠═ Installing: BigQuery Command Line Tool (Platform Spec... ═╣

2024-04-17 13:28:59,410 INFO     ___FILE_ONLY___ ╚
2024-04-17 13:28:59,414 DEBUG    urllib3.connectionpool Starting new HTTPS connection (1): dl.google.com:443
2024-04-17 13:28:59,477 DEBUG    urllib3.connectionpool https://dl.google.com:443 "GET /dl/cloudsdk/channels/rapid/components/google-cloud-sdk-bq-nix-20240106004423.tar.gz HTTP/1.1" 200 2026
2024-04-17 13:28:59,478 INFO     ___FILE_ONLY___ ══════════════════════════════
2024-04-17 13:28:59,479 INFO     ___FILE_ONLY___ ══════════════════════════════
2024-04-17 13:28:59,479 INFO     ___FILE_ONLY___ ╝

2024-04-17 13:28:59,488 INFO     ___FILE_ONLY___ ╔════════════════════════════════════════════════════════════╗

2024-04-17 13:28:59,488 INFO     ___FILE_ONLY___ ╠═ Installing: Bundled Python 3.11                          ═╣

2024-04-17 13:28:59,488 INFO     ___FILE_ONLY___ ╚
2024-04-17 13:28:59,492 DEBUG    urllib3.connectionpool Starting new HTTPS connection (1): dl.google.com:443
2024-04-17 13:28:59,554 DEBUG    urllib3.connectionpool https://dl.google.com:443 "GET /dl/cloudsdk/channels/rapid/components/google-cloud-sdk-bundled-python3-unix-linux-x86_64-20240229170130.tar.gz HTTP/1.1" 200 78486918
2024-04-17 13:28:59,825 INFO     ___FILE_ONLY___ ═
2024-04-17 13:28:59,828 INFO     ___FILE_ONLY___ ═
2024-04-17 13:28:59,831 INFO     ___FILE_ONLY___ ═
2024-04-17 13:28:59,834 INFO     ___FILE_ONLY___ ═
2024-04-17 13:28:59,836 INFO     ___FILE_ONLY___ ═
2024-04-17 13:28:59,839 INFO     ___FILE_ONLY___ ═
2024-04-17 13:28:59,842 INFO     ___FILE_ONLY___ ═
2024-04-17 13:28:59,845 INFO     ___FILE_ONLY___ ═
2024-04-17 13:28:59,848 INFO     ___FILE_ONLY___ ═
2024-04-17 13:28:59,851 INFO     ___FILE_ONLY___ ═
2024-04-17 13:28:59,854 INFO     ___FILE_ONLY___ ═
2024-04-17 13:28:59,857 INFO     ___FILE_ONLY___ ═
2024-04-17 13:28:59,860 INFO     ___FILE_ONLY___ ═
2024-04-17 13:28:59,863 INFO     ___FILE_ONLY___ ═
2024-04-17 13:28:59,865 INFO     ___FILE_ONLY___ ═
2024-04-17 13:28:59,868 INFO     ___FILE_ONLY___ ═
2024-04-17 13:28:59,871 INFO     ___FILE_ONLY___ ═
2024-04-17 13:28:59,874 INFO     ___FILE_ONLY___ ═
2024-04-17 13:28:59,877 INFO     ___FILE_ONLY___ ═
2024-04-17 13:28:59,880 INFO     ___FILE_ONLY___ ═
2024-04-17 13:28:59,883 INFO     ___FILE_ONLY___ ═
2024-04-17 13:28:59,885 INFO     ___FILE_ONLY___ ═
2024-04-17 13:28:59,888 INFO     ___FILE_ONLY___ ═
2024-04-17 13:28:59,891 INFO     ___FILE_ONLY___ ═
2024-04-17 13:28:59,894 INFO     ___FILE_ONLY___ ═
2024-04-17 13:28:59,897 INFO     ___FILE_ONLY___ ═
2024-04-17 13:28:59,900 INFO     ___FILE_ONLY___ ═
2024-04-17 13:28:59,903 INFO     ___FILE_ONLY___ ═
2024-04-17 13:28:59,906 INFO     ___FILE_ONLY___ ═
2024-04-17 13:28:59,909 INFO     ___FILE_ONLY___ ═
2024-04-17 13:29:02,117 INFO     ___FILE_ONLY___ ═
2024-04-17 13:29:02,142 INFO     ___FILE_ONLY___ ═
2024-04-17 13:29:02,167 INFO     ___FILE_ONLY___ ═
2024-04-17 13:29:02,191 INFO     ___FILE_ONLY___ ═
2024-04-17 13:29:02,216 INFO     ___FILE_ONLY___ ═
2024-04-17 13:29:02,240 INFO     ___FILE_ONLY___ ═
2024-04-17 13:29:02,264 INFO     ___FILE_ONLY___ ═
2024-04-17 13:29:02,287 INFO     ___FILE_ONLY___ ═
2024-04-17 13:29:02,312 INFO     ___FILE_ONLY___ ═
2024-04-17 13:29:02,336 INFO     ___FILE_ONLY___ ═
2024-04-17 13:29:02,360 INFO     ___FILE_ONLY___ ═
2024-04-17 13:29:02,386 INFO     ___FILE_ONLY___ ═
2024-04-17 13:29:02,410 INFO     ___FILE_ONLY___ ═
2024-04-17 13:29:02,434 INFO     ___FILE_ONLY___ ═
2024-04-17 13:29:02,460 INFO     ___FILE_ONLY___ ═
2024-04-17 13:29:02,485 INFO     ___FILE_ONLY___ ═
2024-04-17 13:29:02,512 INFO     ___FILE_ONLY___ ═
2024-04-17 13:29:02,899 INFO     ___FILE_ONLY___ ═
2024-04-17 13:29:02,935 INFO     ___FILE_ONLY___ ═
2024-04-17 13:29:02,985 INFO     ___FILE_ONLY___ ═
2024-04-17 13:29:03,058 INFO     ___FILE_ONLY___ ═
2024-04-17 13:29:03,215 INFO     ___FILE_ONLY___ ═
2024-04-17 13:29:03,351 INFO     ___FILE_ONLY___ ═
2024-04-17 13:29:03,389 INFO     ___FILE_ONLY___ ═
2024-04-17 13:29:03,429 INFO     ___FILE_ONLY___ ═
2024-04-17 13:29:03,499 INFO     ___FILE_ONLY___ ═
2024-04-17 13:29:03,535 INFO     ___FILE_ONLY___ ═
2024-04-17 13:29:03,579 INFO     ___FILE_ONLY___ ═
2024-04-17 13:29:04,691 INFO     ___FILE_ONLY___ ═
2024-04-17 13:29:04,720 INFO     ___FILE_ONLY___ ═
2024-04-17 13:29:04,720 INFO     ___FILE_ONLY___ ╝

2024-04-17 13:29:04,802 INFO     ___FILE_ONLY___ ╔════════════════════════════════════════════════════════════╗

2024-04-17 13:29:04,802 INFO     ___FILE_ONLY___ ╠═ Installing: Bundled Python 3.11                          ═╣

2024-04-17 13:29:04,802 INFO     ___FILE_ONLY___ ╚
2024-04-17 13:29:04,806 INFO     ___FILE_ONLY___ ════════════════════════════════════════════════════════════
2024-04-17 13:29:04,806 INFO     ___FILE_ONLY___ ╝

2024-04-17 13:29:04,808 INFO     ___FILE_ONLY___ ╔════════════════════════════════════════════════════════════╗

2024-04-17 13:29:04,808 INFO     ___FILE_ONLY___ ╠═ Installing: Cloud Storage Command Line Tool              ═╣

2024-04-17 13:29:04,808 INFO     ___FILE_ONLY___ ╚
2024-04-17 13:29:04,812 DEBUG    urllib3.connectionpool Starting new HTTPS connection (1): dl.google.com:443
2024-04-17 13:29:04,879 DEBUG    urllib3.connectionpool https://dl.google.com:443 "GET /dl/cloudsdk/channels/rapid/components/google-cloud-sdk-gsutil-20231025210228.tar.gz HTTP/1.1" 200 11833901
2024-04-17 13:29:04,924 INFO     ___FILE_ONLY___ ═
2024-04-17 13:29:04,925 INFO     ___FILE_ONLY___ ═
2024-04-17 13:29:04,925 INFO     ___FILE_ONLY___ ═
2024-04-17 13:29:04,926 INFO     ___FILE_ONLY___ ═
2024-04-17 13:29:04,927 INFO     ___FILE_ONLY___ ═
2024-04-17 13:29:04,927 INFO     ___FILE_ONLY___ ═
2024-04-17 13:29:04,928 INFO     ___FILE_ONLY___ ═
2024-04-17 13:29:04,928 INFO     ___FILE_ONLY___ ═
2024-04-17 13:29:04,929 INFO     ___FILE_ONLY___ ═
2024-04-17 13:29:04,929 INFO     ___FILE_ONLY___ ═
2024-04-17 13:29:04,930 INFO     ___FILE_ONLY___ ═
2024-04-17 13:29:04,930 INFO     ___FILE_ONLY___ ═
2024-04-17 13:29:04,931 INFO     ___FILE_ONLY___ ═
2024-04-17 13:29:04,931 INFO     ___FILE_ONLY___ ═
2024-04-17 13:29:04,932 INFO     ___FILE_ONLY___ ═
2024-04-17 13:29:04,932 INFO     ___FILE_ONLY___ ═
2024-04-17 13:29:04,933 INFO     ___FILE_ONLY___ ═
2024-04-17 13:29:04,933 INFO     ___FILE_ONLY___ ═
2024-04-17 13:29:04,934 INFO     ___FILE_ONLY___ ═
2024-04-17 13:29:04,934 INFO     ___FILE_ONLY___ ═
2024-04-17 13:29:04,935 INFO     ___FILE_ONLY___ ═
2024-04-17 13:29:04,935 INFO     ___FILE_ONLY___ ═
2024-04-17 13:29:04,936 INFO     ___FILE_ONLY___ ═
2024-04-17 13:29:04,936 INFO     ___FILE_ONLY___ ═
2024-04-17 13:29:04,937 INFO     ___FILE_ONLY___ ═
2024-04-17 13:29:04,937 INFO     ___FILE_ONLY___ ═
2024-04-17 13:29:04,938 INFO     ___FILE_ONLY___ ═
2024-04-17 13:29:04,938 INFO     ___FILE_ONLY___ ═
2024-04-17 13:29:04,939 INFO     ___FILE_ONLY___ ═
2024-04-17 13:29:04,939 INFO     ___FILE_ONLY___ ═
2024-04-17 13:29:05,622 INFO     ___FILE_ONLY___ ═
2024-04-17 13:29:05,657 INFO     ___FILE_ONLY___ ═
2024-04-17 13:29:05,686 INFO     ___FILE_ONLY___ ═
2024-04-17 13:29:05,714 INFO     ___FILE_ONLY___ ═
2024-04-17 13:29:05,740 INFO     ___FILE_ONLY___ ═
2024-04-17 13:29:05,765 INFO     ___FILE_ONLY___ ═
2024-04-17 13:29:05,785 INFO     ___FILE_ONLY___ ═
2024-04-17 13:29:05,802 INFO     ___FILE_ONLY___ ═
2024-04-17 13:29:05,823 INFO     ___FILE_ONLY___ ═
2024-04-17 13:29:05,842 INFO     ___FILE_ONLY___ ═
2024-04-17 13:29:05,863 INFO     ___FILE_ONLY___ ═
2024-04-17 13:29:05,881 INFO     ___FILE_ONLY___ ═
2024-04-17 13:29:05,911 INFO     ___FILE_ONLY___ ═
2024-04-17 13:29:05,933 INFO     ___FILE_ONLY___ ═
2024-04-17 13:29:05,964 INFO     ___FILE_ONLY___ ═
2024-04-17 13:29:05,992 INFO     ___FILE_ONLY___ ═
2024-04-17 13:29:06,021 INFO     ___FILE_ONLY___ ═
2024-04-17 13:29:06,050 INFO     ___FILE_ONLY___ ═
2024-04-17 13:29:06,070 INFO     ___FILE_ONLY___ ═
2024-04-17 13:29:06,092 INFO     ___FILE_ONLY___ ═
2024-04-17 13:29:06,113 INFO     ___FILE_ONLY___ ═
2024-04-17 13:29:06,135 INFO     ___FILE_ONLY___ ═
2024-04-17 13:29:06,156 INFO     ___FILE_ONLY___ ═
2024-04-17 13:29:06,179 INFO     ___FILE_ONLY___ ═
2024-04-17 13:29:06,198 INFO     ___FILE_ONLY___ ═
2024-04-17 13:29:06,246 INFO     ___FILE_ONLY___ ═
2024-04-17 13:29:06,273 INFO     ___FILE_ONLY___ ═
2024-04-17 13:29:06,298 INFO     ___FILE_ONLY___ ═
2024-04-17 13:29:06,327 INFO     ___FILE_ONLY___ ═
2024-04-17 13:29:06,347 INFO     ___FILE_ONLY___ ═
2024-04-17 13:29:06,347 INFO     ___FILE_ONLY___ ╝

2024-04-17 13:29:06,402 INFO     ___FILE_ONLY___ ╔════════════════════════════════════════════════════════════╗

2024-04-17 13:29:06,402 INFO     ___FILE_ONLY___ ╠═ Installing: Cloud Storage Command Line Tool (Platform... ═╣

2024-04-17 13:29:06,403 INFO     ___FILE_ONLY___ ╚
2024-04-17 13:29:06,407 DEBUG    urllib3.connectionpool Starting new HTTPS connection (1): dl.google.com:443
2024-04-17 13:29:06,472 DEBUG    urllib3.connectionpool https://dl.google.com:443 "GET /dl/cloudsdk/channels/rapid/components/google-cloud-sdk-gsutil-nix-20240106004423.tar.gz HTTP/1.1" 200 2042
2024-04-17 13:29:06,473 INFO     ___FILE_ONLY___ ══════════════════════════════
2024-04-17 13:29:06,474 INFO     ___FILE_ONLY___ ══════════════════════════════
2024-04-17 13:29:06,474 INFO     ___FILE_ONLY___ ╝

2024-04-17 13:29:06,483 INFO     ___FILE_ONLY___ ╔════════════════════════════════════════════════════════════╗

2024-04-17 13:29:06,483 INFO     ___FILE_ONLY___ ╠═ Installing: Default set of gcloud commands               ═╣

2024-04-17 13:29:06,483 INFO     ___FILE_ONLY___ ╚
2024-04-17 13:29:06,488 INFO     ___FILE_ONLY___ ════════════════════════════════════════════════════════════
2024-04-17 13:29:06,488 INFO     ___FILE_ONLY___ ╝

2024-04-17 13:29:06,490 INFO     ___FILE_ONLY___ ╔════════════════════════════════════════════════════════════╗

2024-04-17 13:29:06,490 INFO     ___FILE_ONLY___ ╠═ Installing: Google Cloud CLI Core Libraries (Platform... ═╣

2024-04-17 13:29:06,490 INFO     ___FILE_ONLY___ ╚
2024-04-17 13:29:06,494 DEBUG    urllib3.connectionpool Starting new HTTPS connection (1): dl.google.com:443
2024-04-17 13:29:06,558 DEBUG    urllib3.connectionpool https://dl.google.com:443 "GET /dl/cloudsdk/channels/rapid/components/google-cloud-sdk-core-nix-20240106004423.tar.gz HTTP/1.1" 200 2410
2024-04-17 13:29:06,559 INFO     ___FILE_ONLY___ ══════════════════════════════
2024-04-17 13:29:06,561 INFO     ___FILE_ONLY___ ═══════════════
2024-04-17 13:29:06,561 INFO     ___FILE_ONLY___ ═══════════════
2024-04-17 13:29:06,561 INFO     ___FILE_ONLY___ ╝

2024-04-17 13:29:06,570 INFO     ___FILE_ONLY___ ╔════════════════════════════════════════════════════════════╗

2024-04-17 13:29:06,570 INFO     ___FILE_ONLY___ ╠═ Installing: Google Cloud CRC32C Hash Tool                ═╣

2024-04-17 13:29:06,570 INFO     ___FILE_ONLY___ ╚
2024-04-17 13:29:06,574 INFO     ___FILE_ONLY___ ════════════════════════════════════════════════════════════
2024-04-17 13:29:06,575 INFO     ___FILE_ONLY___ ╝

2024-04-17 13:29:06,576 INFO     ___FILE_ONLY___ ╔════════════════════════════════════════════════════════════╗

2024-04-17 13:29:06,577 INFO     ___FILE_ONLY___ ╠═ Installing: Google Cloud CRC32C Hash Tool                ═╣

2024-04-17 13:29:06,577 INFO     ___FILE_ONLY___ ╚
2024-04-17 13:29:06,580 DEBUG    urllib3.connectionpool Starting new HTTPS connection (1): dl.google.com:443
2024-04-17 13:29:06,646 DEBUG    urllib3.connectionpool https://dl.google.com:443 "GET /dl/cloudsdk/channels/rapid/components/google-cloud-sdk-gcloud-crc32c-linux-x86_64-20231215195722.tar.gz HTTP/1.1" 200 1287877
2024-04-17 13:29:06,655 INFO     ___FILE_ONLY___ ═
2024-04-17 13:29:06,655 INFO     ___FILE_ONLY___ ═
2024-04-17 13:29:06,655 INFO     ___FILE_ONLY___ ═
2024-04-17 13:29:06,655 INFO     ___FILE_ONLY___ ═
2024-04-17 13:29:06,656 INFO     ___FILE_ONLY___ ═
2024-04-17 13:29:06,656 INFO     ___FILE_ONLY___ ═
2024-04-17 13:29:06,656 INFO     ___FILE_ONLY___ ═
2024-04-17 13:29:06,656 INFO     ___FILE_ONLY___ ═
2024-04-17 13:29:06,656 INFO     ___FILE_ONLY___ ═
2024-04-17 13:29:06,656 INFO     ___FILE_ONLY___ ═
2024-04-17 13:29:06,656 INFO     ___FILE_ONLY___ ═
2024-04-17 13:29:06,656 INFO     ___FILE_ONLY___ ═
2024-04-17 13:29:06,656 INFO     ___FILE_ONLY___ ═
2024-04-17 13:29:06,657 INFO     ___FILE_ONLY___ ═
2024-04-17 13:29:06,657 INFO     ___FILE_ONLY___ ═
2024-04-17 13:29:06,657 INFO     ___FILE_ONLY___ ═
2024-04-17 13:29:06,657 INFO     ___FILE_ONLY___ ═
2024-04-17 13:29:06,657 INFO     ___FILE_ONLY___ ═
2024-04-17 13:29:06,657 INFO     ___FILE_ONLY___ ═
2024-04-17 13:29:06,657 INFO     ___FILE_ONLY___ ═
2024-04-17 13:29:06,657 INFO     ___FILE_ONLY___ ═
2024-04-17 13:29:06,658 INFO     ___FILE_ONLY___ ═
2024-04-17 13:29:06,658 INFO     ___FILE_ONLY___ ═
2024-04-17 13:29:06,658 INFO     ___FILE_ONLY___ ═
2024-04-17 13:29:06,658 INFO     ___FILE_ONLY___ ═
2024-04-17 13:29:06,658 INFO     ___FILE_ONLY___ ═
2024-04-17 13:29:06,658 INFO     ___FILE_ONLY___ ═
2024-04-17 13:29:06,658 INFO     ___FILE_ONLY___ ═
2024-04-17 13:29:06,658 INFO     ___FILE_ONLY___ ═
2024-04-17 13:29:06,658 INFO     ___FILE_ONLY___ ═
2024-04-17 13:29:06,693 INFO     ___FILE_ONLY___ ═══════════════
2024-04-17 13:29:06,693 INFO     ___FILE_ONLY___ ═══════════════
2024-04-17 13:29:06,693 INFO     ___FILE_ONLY___ ╝

2024-04-17 13:29:06,702 INFO     ___FILE_ONLY___ ╔════════════════════════════════════════════════════════════╗

2024-04-17 13:29:06,702 INFO     ___FILE_ONLY___ ╠═ Installing: anthoscli                                    ═╣

2024-04-17 13:29:06,703 INFO     ___FILE_ONLY___ ╚
2024-04-17 13:29:06,707 DEBUG    urllib3.connectionpool Starting new HTTPS connection (1): dl.google.com:443
2024-04-17 13:29:06,768 DEBUG    urllib3.connectionpool https://dl.google.com:443 "GET /dl/cloudsdk/channels/rapid/components/google-cloud-sdk-anthoscli-linux-x86_64-20240209195330.tar.gz HTTP/1.1" 200 72231225
2024-04-17 13:29:06,999 INFO     ___FILE_ONLY___ ═
2024-04-17 13:29:07,001 INFO     ___FILE_ONLY___ ═
2024-04-17 13:29:07,004 INFO     ___FILE_ONLY___ ═
2024-04-17 13:29:07,007 INFO     ___FILE_ONLY___ ═
2024-04-17 13:29:07,010 INFO     ___FILE_ONLY___ ═
2024-04-17 13:29:07,012 INFO     ___FILE_ONLY___ ═
2024-04-17 13:29:07,015 INFO     ___FILE_ONLY___ ═
2024-04-17 13:29:07,018 INFO     ___FILE_ONLY___ ═
2024-04-17 13:29:07,020 INFO     ___FILE_ONLY___ ═
2024-04-17 13:29:07,023 INFO     ___FILE_ONLY___ ═
2024-04-17 13:29:07,025 INFO     ___FILE_ONLY___ ═
2024-04-17 13:29:07,028 INFO     ___FILE_ONLY___ ═
2024-04-17 13:29:07,030 INFO     ___FILE_ONLY___ ═
2024-04-17 13:29:07,033 INFO     ___FILE_ONLY___ ═
2024-04-17 13:29:07,035 INFO     ___FILE_ONLY___ ═
2024-04-17 13:29:07,038 INFO     ___FILE_ONLY___ ═
2024-04-17 13:29:07,040 INFO     ___FILE_ONLY___ ═
2024-04-17 13:29:07,043 INFO     ___FILE_ONLY___ ═
2024-04-17 13:29:07,046 INFO     ___FILE_ONLY___ ═
2024-04-17 13:29:07,048 INFO     ___FILE_ONLY___ ═
2024-04-17 13:29:07,051 INFO     ___FILE_ONLY___ ═
2024-04-17 13:29:07,053 INFO     ___FILE_ONLY___ ═
2024-04-17 13:29:07,056 INFO     ___FILE_ONLY___ ═
2024-04-17 13:29:07,058 INFO     ___FILE_ONLY___ ═
2024-04-17 13:29:07,061 INFO     ___FILE_ONLY___ ═
2024-04-17 13:29:07,063 INFO     ___FILE_ONLY___ ═
2024-04-17 13:29:07,066 INFO     ___FILE_ONLY___ ═
2024-04-17 13:29:07,069 INFO     ___FILE_ONLY___ ═
2024-04-17 13:29:07,071 INFO     ___FILE_ONLY___ ═
2024-04-17 13:29:07,074 INFO     ___FILE_ONLY___ ═
2024-04-17 13:29:09,246 INFO     ___FILE_ONLY___ ══════════
2024-04-17 13:29:09,251 INFO     ___FILE_ONLY___ ═════════
2024-04-17 13:29:09,278 INFO     ___FILE_ONLY___ ═══════════
2024-04-17 13:29:09,278 INFO     ___FILE_ONLY___ ╝

2024-04-17 13:29:09,299 INFO     ___FILE_ONLY___ ╔════════════════════════════════════════════════════════════╗

2024-04-17 13:29:09,299 INFO     ___FILE_ONLY___ ╠═ Installing: anthoscli                                    ═╣

2024-04-17 13:29:09,299 INFO     ___FILE_ONLY___ ╚
2024-04-17 13:29:09,304 INFO     ___FILE_ONLY___ ════════════════════════════════════════════════════════════
2024-04-17 13:29:09,304 INFO     ___FILE_ONLY___ ╝

2024-04-17 13:29:09,306 INFO     ___FILE_ONLY___ ╔════════════════════════════════════════════════════════════╗

2024-04-17 13:29:09,306 INFO     ___FILE_ONLY___ ╠═ Installing: gcloud cli dependencies                      ═╣

2024-04-17 13:29:09,306 INFO     ___FILE_ONLY___ ╚
2024-04-17 13:29:09,310 DEBUG    urllib3.connectionpool Starting new HTTPS connection (1): dl.google.com:443
2024-04-17 13:29:09,372 DEBUG    urllib3.connectionpool https://dl.google.com:443 "GET /dl/cloudsdk/channels/rapid/components/google-cloud-sdk-gcloud-deps-linux-x86_64-20210416153011.tar.gz HTTP/1.1" 200 104
2024-04-17 13:29:09,373 INFO     ___FILE_ONLY___ ══════════════════════════════
2024-04-17 13:29:09,374 INFO     ___FILE_ONLY___ ══════════════════════════════
2024-04-17 13:29:09,374 INFO     ___FILE_ONLY___ ╝

2024-04-17 13:29:09,382 INFO     ___FILE_ONLY___ ╔════════════════════════════════════════════════════════════╗

2024-04-17 13:29:09,383 INFO     ___FILE_ONLY___ ╠═ Creating backup and activating new installation          ═╣

2024-04-17 13:29:09,383 INFO     ___FILE_ONLY___ ╚
2024-04-17 13:29:09,383 DEBUG    root            Attempting to move directory [/tools/google-cloud-sdk] to [/tools/google-cloud-sdk.staging/.install/.backup]
2024-04-17 13:29:09,383 INFO     ___FILE_ONLY___ ══════════════════════════════
2024-04-17 13:29:09,383 DEBUG    root            Attempting to move directory [/tools/google-cloud-sdk.staging] to [/tools/google-cloud-sdk]
2024-04-17 13:29:09,383 INFO     ___FILE_ONLY___ ══════════════════════════════
2024-04-17 13:29:09,383 INFO     ___FILE_ONLY___ ╝

2024-04-17 13:29:09,387 DEBUG    root            Updating notification cache...
2024-04-17 13:29:09,388 INFO     ___FILE_ONLY___ 

2024-04-17 13:29:09,390 INFO     ___FILE_ONLY___ Performing post processing steps...
2024-04-17 13:29:09,390 DEBUG    root            Executing command: ['/tools/google-cloud-sdk/bin/gcloud', 'components', 'post-process']
2024-04-17 13:29:19,126 DEBUG    ___FILE_ONLY___ 
2024-04-17 13:29:19,126 DEBUG    ___FILE_ONLY___ 
2024-04-17 13:29:19,154 INFO     ___FILE_ONLY___ 
Update done!


2024-04-17 13:29:19,158 DEBUG    root            Chosen display Format:none
2024-04-17 13:29:19,158 INFO     root            Display format: "none"
